Build started 01-04-2014 02:05:21.
     1>Project "C:\Users\Souvik\Desktop\New folder\csx\WinCSX\msvc10\WinCSX.vcxproj" on node 2 (Rebuild target(s)).
     1>ClCompile:
         C:\Program Files (x86)\Microsoft Visual Studio 11.0\VC\bin\CL.exe /c /I..\resources /Zi /nologo /W3 /WX- /O2 /Oy- /D WIN32 /D NDEBUG /D _WINDOWS /D _VC80_UPGRADE=0x0710 /D _MBCS /Gm- /EHsc /MT /GS /fp:precise /Zc:wchar_t /Zc:forScope /Yc"stdafx.h" /Fp"Release\WinCSX.pch" /Fo"Release\\" /Fd"Release\vc110.pdb" /Gd /TP /analyze- /errorReport:prompt ..\stdafx.cpp
         stdafx.cpp
         C:\Program Files (x86)\Microsoft Visual Studio 11.0\VC\bin\CL.exe /c /I..\resources /Zi /nologo /W3 /WX- /O2 /Oy- /D WIN32 /D NDEBUG /D _WINDOWS /D _VC80_UPGRADE=0x0710 /D _MBCS /Gm- /EHsc /MT /GS /fp:precise /Zc:wchar_t /Zc:forScope /Yu"stdafx.h" /Fp"Release\WinCSX.pch" /Fo"Release\\" /Fd"Release\vc110.pdb" /Gd /TP /analyze- /errorReport:prompt ..\WinCSX.cpp ..\CRank.cpp
         WinCSX.cpp
         CRank.cpp
         Generating Code...
       ResourceCompile:
         C:\Program Files (x86)\Windows Kits\8.0\bin\x86\rc.exe /D _VC80_UPGRADE=0x0710 /l"0x0409" /nologo /fo"Release\WinCSX.res" ..\resources\WinCSX.rc 
       Link:
         C:\Program Files (x86)\Microsoft Visual Studio 11.0\VC\bin\link.exe /ERRORREPORT:PROMPT /OUT:"C:\Users\Souvik\Desktop\New folder\csx\msvc10 - Copy\Release\WinCSX.exe" /INCREMENTAL:NO /NOLOGO comctl32.lib kernel32.lib user32.lib gdi32.lib winspool.lib comdlg32.lib advapi32.lib shell32.lib ole32.lib oleaut32.lib uuid.lib odbc32.lib odbccp32.lib /MANIFEST /MANIFESTUAC:"level='asInvoker' uiAccess='false'" /manifest:embed /manifestinput:..\resources\WinCSX.exe.manifest /DEBUG /PDB:"C:\Users\Souvik\Desktop\New folder\csx\msvc10 - Copy\Release\WinCSX.pdb" /SUBSYSTEM:WINDOWS /OPT:REF /OPT:ICF /TLBID:1 /DYNAMICBASE /NXCOMPAT /IMPLIB:"C:\Users\Souvik\Desktop\New folder\csx\msvc10 - Copy\Release\WinCSX.lib" /MACHINE:X86 /SAFESEH Release\WinCSX.res
         Release\stdafx.obj
         Release\WinCSX.obj
         Release\CRank.obj
         WinCSX.vcxproj -> C:\Users\Souvik\Desktop\New folder\csx\msvc10 - Copy\Release\WinCSX.exe
     1>Done Building Project "C:\Users\Souvik\Desktop\New folder\csx\WinCSX\msvc10\WinCSX.vcxproj" (Rebuild target(s)).

Build succeeded.

Time Elapsed 00:00:11.60
