C:\USERS\SOUVIK\DESKTOP\NEW FOLDER\CSX\WINCSX\MSVC10\DEBUG\WINCSX.PCH
C:\USERS\SOUVIK\DESKTOP\NEW FOLDER\CSX\WINCSX\MSVC10\DEBUG\STDAFX.OBJ
C:\USERS\SOUVIK\DESKTOP\NEW FOLDER\CSX\WINCSX\MSVC10\DEBUG\VC110.PDB
C:\USERS\SOUVIK\DESKTOP\NEW FOLDER\CSX\WINCSX\MSVC10\DEBUG\WINCSX.OBJ
C:\USERS\SOUVIK\DESKTOP\NEW FOLDER\CSX\WINCSX\MSVC10\DEBUG\CRANK.OBJ
C:\USERS\SOUVIK\DESKTOP\NEW FOLDER\CSX\MSVC10 - COPY\DEBUG\WINCSX.ILK
C:\USERS\SOUVIK\DESKTOP\NEW FOLDER\CSX\MSVC10 - COPY\DEBUG\WINCSX.EXE
C:\USERS\SOUVIK\DESKTOP\NEW FOLDER\CSX\MSVC10 - COPY\DEBUG\WINCSX.PDB
C:\USERS\SOUVIK\DESKTOP\NEW FOLDER\CSX\WINCSX\MSVC10\DEBUG\WINCSX.RES
C:\USERS\SOUVIK\DESKTOP\NEW FOLDER\CSX\WINCSX\MSVC10\DEBUG\WINCSX.EXE.EMBED.MANIFEST.RES
C:\Users\Souvik\Desktop\New folder\csx\WinCSX\msvc10\Debug\CRank.obj
C:\Users\Souvik\Desktop\New folder\csx\WinCSX\msvc10\Debug\stdafx.obj
C:\Users\Souvik\Desktop\New folder\csx\WinCSX\msvc10\Debug\WinCSX.obj
C:\Users\Souvik\Desktop\New folder\csx\WinCSX\msvc10\Debug\cl.command.1.tlog
C:\Users\Souvik\Desktop\New folder\csx\WinCSX\msvc10\Debug\CL.read.1.tlog
C:\Users\Souvik\Desktop\New folder\csx\WinCSX\msvc10\Debug\CL.write.1.tlog
C:\Users\Souvik\Desktop\New folder\csx\WinCSX\msvc10\Debug\link-cvtres.read.1.tlog
C:\Users\Souvik\Desktop\New folder\csx\WinCSX\msvc10\Debug\link-cvtres.write.1.tlog
C:\Users\Souvik\Desktop\New folder\csx\WinCSX\msvc10\Debug\link-mt.read.1.tlog
C:\Users\Souvik\Desktop\New folder\csx\WinCSX\msvc10\Debug\link-mt.write.1.tlog
C:\Users\Souvik\Desktop\New folder\csx\WinCSX\msvc10\Debug\link-rc.read.1.tlog
C:\Users\Souvik\Desktop\New folder\csx\WinCSX\msvc10\Debug\link-rc.write.1.tlog
C:\Users\Souvik\Desktop\New folder\csx\WinCSX\msvc10\Debug\link.command.1.tlog
C:\Users\Souvik\Desktop\New folder\csx\WinCSX\msvc10\Debug\link.read.1.tlog
C:\Users\Souvik\Desktop\New folder\csx\WinCSX\msvc10\Debug\link.write.1.tlog
C:\Users\Souvik\Desktop\New folder\csx\WinCSX\msvc10\Debug\rc.command.1.tlog
C:\Users\Souvik\Desktop\New folder\csx\WinCSX\msvc10\Debug\rc.read.1.tlog
C:\Users\Souvik\Desktop\New folder\csx\WinCSX\msvc10\Debug\rc.write.1.tlog
C:\Users\Souvik\Desktop\New folder\csx\WinCSX\msvc10\Debug\WinCSX.exe.embed.manifest
C:\Users\Souvik\Desktop\New folder\csx\WinCSX\msvc10\Debug\WinCSX.exe.embed.manifest.res
C:\Users\Souvik\Desktop\New folder\csx\WinCSX\msvc10\Debug\WinCSX.res
C:\Users\Souvik\Desktop\New folder\csx\WinCSX\msvc10\Debug\WinCSX.pch
C:\Users\Souvik\Desktop\New folder\csx\WinCSX\msvc10\Debug\vc110.idb
C:\Users\Souvik\Desktop\New folder\csx\WinCSX\msvc10\Debug\vc110.pdb
C:\Users\Souvik\Desktop\New folder\csx\WinCSX\msvc10\Debug\WinCSX_manifest.rc
C:\Users\Souvik\Desktop\New folder\csx\msvc10 - Copy\Debug\WinCSX.pdb
C:\Users\Souvik\Desktop\New folder\csx\msvc10 - Copy\Debug\WinCSX.exe
C:\Users\Souvik\Desktop\New folder\csx\msvc10 - Copy\Debug\WinCSX.ilk
